<?xml version="1.0" encoding="UTF-8"?>
<testsuite name="com.nousunde.wxma.dao.BasicDAOTest" time="0" tests="2" errors="0" skipped="2" failures="0">
  <properties>
[...]
</properties>
  <testcase name="getBasicData" classname="com.nousunde.wxma.dao.BasicDAOTest" time="0">
    <skipped/>
    <system-out><![CDATA[2018-08-30 18:53:17.479  INFO 4197 --- [           main] .b.t.c.SpringBootTestContextBootstrapper : Neither @ContextConfiguration nor @ContextHierarchy found for test class [com.nousunde.wxma.dao.BasicDAOTest], using SpringBootContextLoader
2018-08-30 18:53:17.480  INFO 4197 --- [           main] o.s.t.c.support.AbstractContextLoader    : Could not detect default resource locations for test class [com.nousunde.wxma.dao.BasicDAOTest]: no resource found for suffixes {-context.xml, Context.groovy}.
2018-08-30 18:53:17.480  INFO 4197 --- [           main] t.c.s.AnnotationConfigContextLoaderUtils : Could not detect default configuration classes for test class [com.nousunde.wxma.dao.BasicDAOTest]: BasicDAOTest does not declare any static, non-private, non-final, nested classes annotated with @Configuration.
2018-08-30 18:53:17.484  INFO 4197 --- [           main] .b.t.c.SpringBootTestContextBootstrapper : Found @SpringBootConfiguration com.nousunde.wxma.WxMaDemoApplication for test class com.nousunde.wxma.dao.BasicDAOTest
2018-08-30 18:53:17.484 DEBUG 4197 --- [           main] .b.t.c.SpringBootTestContextBootstrapper : @TestExecutionListeners is not present for class [com.nousunde.wxma.dao.BasicDAOTest]: using defaults.
2018-08-30 18:53:17.487  INFO 4197 --- [           main] .b.t.c.SpringBootTestContextBootstrapper : Loaded default TestExecutionListener class names from location [META-INF/spring.factories]: [org.springframework.boot.test.mock.mockito.MockitoTestExecutionListener, org.springframework.boot.test.mock.mockito.ResetMocksTestExecutionListener, org.springframework.boot.test.autoconfigure.restdocs.RestDocsTestExecutionListener, org.springframework.boot.test.autoconfigure.web.client.MockRestServiceServerResetTestExecutionListener, org.springframework.boot.test.autoconfigure.web.servlet.MockMvcPrintOnlyOnFailureTestExecutionListener, org.springframework.boot.test.autoconfigure.web.servlet.WebDriverTestExecutionListener, org.springframework.test.context.web.ServletTestExecutionListener, org.springframework.test.context.support.DirtiesContextBeforeModesTestExecutionListener, org.springframework.test.context.support.DependencyInjectionTestExecutionListener, org.springframework.test.context.support.DirtiesContextTestExecutionListener, org.springframework.test.context.transaction.TransactionalTestExecutionListener, org.springframework.test.context.jdbc.SqlScriptsTestExecutionListener]
2018-08-30 18:53:17.497  INFO 4197 --- [           main] .b.t.c.SpringBootTestContextBootstrapper : Using TestExecutionListeners: [org.springframework.test.context.web.ServletTestExecutionListener@9cb927e, org.springframework.test.context.support.DirtiesContextBeforeModesTestExecutionListener@8585cdd, org.springframework.boot.test.autoconfigure.SpringBootDependencyInjectionTestExecutionListener@1325f967, org.springframework.test.context.support.DirtiesContextTestExecutionListener@4f356b98, org.springframework.test.context.transaction.TransactionalTestExecutionListener@1ab85862, org.springframework.test.context.jdbc.SqlScriptsTestExecutionListener@504c415c, org.springframework.boot.test.mock.mockito.ResetMocksTestExecutionListener@6c9e74f3, org.springframework.boot.test.autoconfigure.restdocs.RestDocsTestExecutionListener@813ab53, org.springframework.boot.test.autoconfigure.web.servlet.MockMvcPrintOnlyOnFailureTestExecutionListener@5030997b, org.springframework.boot.test.autoconfigure.web.client.MockRestServiceServerResetTestExecutionListener@62c47480, org.springframework.boot.test.autoconfigure.web.servlet.WebDriverTestExecutionListener@7de2bdc7, org.springframework.boot.test.mock.mockito.MockitoTestExecutionListener@683ed81b]
]]></system-out>
  </testcase>
  <testcase name="fillBasicData" classname="com.nousunde.wxma.dao.BasicDAOTest" time="0">
    <skipped/>
  </testcase>
</testsuite>