<?xml version="1.0" encoding="UTF-8"?>
<testsuite name="com.nousunde.wxma.dao.BookDAOTest" time="0" tests="5" errors="0" skipped="5" failures="0">
  <properties>
[...]
</properties>
  <testcase name="addBook" classname="com.nousunde.wxma.dao.BookDAOTest" time="0">
    <skipped/>
    <system-out><![CDATA[2018-08-30 18:53:17.528  INFO 4197 --- [           main] .b.t.c.SpringBootTestContextBootstrapper : Neither @ContextConfiguration nor @ContextHierarchy found for test class [com.nousunde.wxma.dao.BookDAOTest], using SpringBootContextLoader
2018-08-30 18:53:17.529  INFO 4197 --- [           main] o.s.t.c.support.AbstractContextLoader    : Could not detect default resource locations for test class [com.nousunde.wxma.dao.BookDAOTest]: no resource found for suffixes {-context.xml, Context.groovy}.
2018-08-30 18:53:17.529  INFO 4197 --- [           main] t.c.s.AnnotationConfigContextLoaderUtils : Could not detect default configuration classes for test class [com.nousunde.wxma.dao.BookDAOTest]: BookDAOTest does not declare any static, non-private, non-final, nested classes annotated with @Configuration.
2018-08-30 18:53:17.532  INFO 4197 --- [           main] .b.t.c.SpringBootTestContextBootstrapper : Found @SpringBootConfiguration com.nousunde.wxma.WxMaDemoApplication for test class com.nousunde.wxma.dao.BookDAOTest
2018-08-30 18:53:17.532 DEBUG 4197 --- [           main] .b.t.c.SpringBootTestContextBootstrapper : @TestExecutionListeners is not present for class [com.nousunde.wxma.dao.BookDAOTest]: using defaults.
2018-08-30 18:53:17.534  INFO 4197 --- [           main] .b.t.c.SpringBootTestContextBootstrapper : Loaded default TestExecutionListener class names from location [META-INF/spring.factories]: [org.springframework.boot.test.mock.mockito.MockitoTestExecutionListener, org.springframework.boot.test.mock.mockito.ResetMocksTestExecutionListener, org.springframework.boot.test.autoconfigure.restdocs.RestDocsTestExecutionListener, org.springframework.boot.test.autoconfigure.web.client.MockRestServiceServerResetTestExecutionListener, org.springframework.boot.test.autoconfigure.web.servlet.MockMvcPrintOnlyOnFailureTestExecutionListener, org.springframework.boot.test.autoconfigure.web.servlet.WebDriverTestExecutionListener, org.springframework.test.context.web.ServletTestExecutionListener, org.springframework.test.context.support.DirtiesContextBeforeModesTestExecutionListener, org.springframework.test.context.support.DependencyInjectionTestExecutionListener, org.springframework.test.context.support.DirtiesContextTestExecutionListener, org.springframework.test.context.transaction.TransactionalTestExecutionListener, org.springframework.test.context.jdbc.SqlScriptsTestExecutionListener]
2018-08-30 18:53:17.536  INFO 4197 --- [           main] .b.t.c.SpringBootTestContextBootstrapper : Using TestExecutionListeners: [org.springframework.test.context.web.ServletTestExecutionListener@1f70bce5, org.springframework.test.context.support.DirtiesContextBeforeModesTestExecutionListener@3ae91ab3, org.springframework.boot.test.autoconfigure.SpringBootDependencyInjectionTestExecutionListener@16cb6f51, org.springframework.test.context.support.DirtiesContextTestExecutionListener@3fc5d397, org.springframework.test.context.transaction.TransactionalTestExecutionListener@25c8c71e, org.springframework.test.context.jdbc.SqlScriptsTestExecutionListener@57867d96, org.springframework.boot.test.mock.mockito.ResetMocksTestExecutionListener@1a7a21d0, org.springframework.boot.test.autoconfigure.restdocs.RestDocsTestExecutionListener@bb21063, org.springframework.boot.test.autoconfigure.web.servlet.MockMvcPrintOnlyOnFailureTestExecutionListener@6821c63c, org.springframework.boot.test.autoconfigure.web.client.MockRestServiceServerResetTestExecutionListener@c2f7c63, org.springframework.boot.test.autoconfigure.web.servlet.WebDriverTestExecutionListener@4790b897, org.springframework.boot.test.mock.mockito.MockitoTestExecutionListener@5cba890e]
]]></system-out>
  </testcase>
  <testcase name="updateBook" classname="com.nousunde.wxma.dao.BookDAOTest" time="0">
    <skipped/>
  </testcase>
  <testcase name="getBookById" classname="com.nousunde.wxma.dao.BookDAOTest" time="0">
    <skipped/>
  </testcase>
  <testcase name="deleteBookById" classname="com.nousunde.wxma.dao.BookDAOTest" time="0">
    <skipped/>
  </testcase>
  <testcase name="getBooks" classname="com.nousunde.wxma.dao.BookDAOTest" time="0">
    <skipped/>
  </testcase>
</testsuite>