<?xml version="1.0" encoding="UTF-8"?>
<testsuite name="com.nousunde.wxma.service.GoodsSvcTest" time="0" tests="5" errors="0" skipped="5" failures="0">
  <properties>
[...]
</properties>
  <testcase name="addGoods" classname="com.nousunde.wxma.service.GoodsSvcTest" time="0">
    <skipped/>
    <system-out><![CDATA[2018-08-30 18:53:17.546  INFO 4197 --- [           main] .b.t.c.SpringBootTestContextBootstrapper : Neither @ContextConfiguration nor @ContextHierarchy found for test class [com.nousunde.wxma.service.GoodsSvcTest], using SpringBootContextLoader
2018-08-30 18:53:17.546  INFO 4197 --- [           main] o.s.t.c.support.AbstractContextLoader    : Could not detect default resource locations for test class [com.nousunde.wxma.service.GoodsSvcTest]: no resource found for suffixes {-context.xml, Context.groovy}.
2018-08-30 18:53:17.546  INFO 4197 --- [           main] t.c.s.AnnotationConfigContextLoaderUtils : Could not detect default configuration classes for test class [com.nousunde.wxma.service.GoodsSvcTest]: GoodsSvcTest does not declare any static, non-private, non-final, nested classes annotated with @Configuration.
2018-08-30 18:53:17.548  INFO 4197 --- [           main] .b.t.c.SpringBootTestContextBootstrapper : Found @SpringBootConfiguration com.nousunde.wxma.WxMaDemoApplication for test class com.nousunde.wxma.service.GoodsSvcTest
2018-08-30 18:53:17.549 DEBUG 4197 --- [           main] .b.t.c.SpringBootTestContextBootstrapper : @TestExecutionListeners is not present for class [com.nousunde.wxma.service.GoodsSvcTest]: using defaults.
2018-08-30 18:53:17.550  INFO 4197 --- [           main] .b.t.c.SpringBootTestContextBootstrapper : Loaded default TestExecutionListener class names from location [META-INF/spring.factories]: [org.springframework.boot.test.mock.mockito.MockitoTestExecutionListener, org.springframework.boot.test.mock.mockito.ResetMocksTestExecutionListener, org.springframework.boot.test.autoconfigure.restdocs.RestDocsTestExecutionListener, org.springframework.boot.test.autoconfigure.web.client.MockRestServiceServerResetTestExecutionListener, org.springframework.boot.test.autoconfigure.web.servlet.MockMvcPrintOnlyOnFailureTestExecutionListener, org.springframework.boot.test.autoconfigure.web.servlet.WebDriverTestExecutionListener, org.springframework.test.context.web.ServletTestExecutionListener, org.springframework.test.context.support.DirtiesContextBeforeModesTestExecutionListener, org.springframework.test.context.support.DependencyInjectionTestExecutionListener, org.springframework.test.context.support.DirtiesContextTestExecutionListener, org.springframework.test.context.transaction.TransactionalTestExecutionListener, org.springframework.test.context.jdbc.SqlScriptsTestExecutionListener]
2018-08-30 18:53:17.552  INFO 4197 --- [           main] .b.t.c.SpringBootTestContextBootstrapper : Using TestExecutionListeners: [org.springframework.test.context.web.ServletTestExecutionListener@5f4df55e, org.springframework.test.context.support.DirtiesContextBeforeModesTestExecutionListener@72bce309, org.springframework.boot.test.autoconfigure.SpringBootDependencyInjectionTestExecutionListener@f439e0f, org.springframework.test.context.support.DirtiesContextTestExecutionListener@62410e1f, org.springframework.test.context.transaction.TransactionalTestExecutionListener@5296f00c, org.springframework.test.context.jdbc.SqlScriptsTestExecutionListener@4727e5fc, org.springframework.boot.test.mock.mockito.ResetMocksTestExecutionListener@5487a8f1, org.springframework.boot.test.autoconfigure.restdocs.RestDocsTestExecutionListener@3e5c7588, org.springframework.boot.test.autoconfigure.web.servlet.MockMvcPrintOnlyOnFailureTestExecutionListener@5b2ff4df, org.springframework.boot.test.autoconfigure.web.client.MockRestServiceServerResetTestExecutionListener@23dff243, org.springframework.boot.test.autoconfigure.web.servlet.WebDriverTestExecutionListener@4af606e9, org.springframework.boot.test.mock.mockito.MockitoTestExecutionListener@17dbca0a]
]]></system-out>
  </testcase>
  <testcase name="deleteGoods" classname="com.nousunde.wxma.service.GoodsSvcTest" time="0">
    <skipped/>
  </testcase>
  <testcase name="updateGoods" classname="com.nousunde.wxma.service.GoodsSvcTest" time="0">
    <skipped/>
  </testcase>
  <testcase name="getGoodsById" classname="com.nousunde.wxma.service.GoodsSvcTest" time="0">
    <skipped/>
  </testcase>
  <testcase name="getGoods" classname="com.nousunde.wxma.service.GoodsSvcTest" time="0">
    <skipped/>
  </testcase>
</testsuite>